<?xml version="1.0"?><coverage lines-covered="265" lines-valid="821" line-rate="0.3227771010962241" branches-covered="0" branches-valid="0" branch-rate="0" complexity="0" version="1.9" timestamp="1730628326"><sources><source>/Users/athultr/Personal/rust-query-engine</source></sources><packages><package name="src/dataframe" line-rate="0.9" branch-rate="0" complexity="0"><classes><class name="mod" filename="src/dataframe/mod.rs" line-rate="0.9" branch-rate="0" complexity="0"><methods/><lines><line number="26" hits="3"/><line number="27" hits="3"/><line number="28" hits="3"/><line number="29" hits="3"/><line number="30" hits="3"/><line number="35" hits="2"/><line number="36" hits="2"/><line number="37" hits="2"/><line number="38" hits="2"/><line number="39" hits="2"/><line number="44" hits="3"/><line number="49" hits="3"/><line number="50" hits="3"/><line number="51" hits="3"/><line number="52" hits="3"/><line number="53" hits="3"/><line number="58" hits="0"/><line number="59" hits="0"/><line number="62" hits="8"/><line number="63" hits="8"/></lines></class></classes></package><package name="src/physical_plan/accumulator" line-rate="0.5151515151515151" branch-rate="0" complexity="0"><classes><class name="mod" filename="src/physical_plan/accumulator/mod.rs" line-rate="0.5151515151515151" branch-rate="0" complexity="0"><methods/><lines><line number="16" hits="5"/><line number="24" hits="11"/><line number="25" hits="11"/><line number="26" hits="7"/><line number="27" hits="4"/><line number="30" hits="4"/><line number="34" hits="5"/><line number="35" hits="5"/><line number="44" hits="3"/><line number="45" hits="3"/><line number="46" hits="2"/><line number="47" hits="2"/><line number="48" hits="2"/><line number="50" hits="0"/><line number="53" hits="1"/><line number="57" hits="1"/><line number="58" hits="1"/><line number="63" hits="1"/><line number="71" hits="0"/><line number="72" hits="0"/><line number="74" hits="0"/><line number="75" hits="0"/><line number="76" hits="0"/><line number="77" hits="0"/><line number="78" hits="0"/><line number="79" hits="0"/><line number="80" hits="0"/><line number="81" hits="0"/><line number="82" hits="0"/><line number="83" hits="0"/><line number="84" hits="0"/><line number="85" hits="0"/><line number="87" hits="0"/></lines></class></classes></package><package name="src/physical_plan" line-rate="0.0958904109589041" branch-rate="0" complexity="0"><classes><class name="mod" filename="src/physical_plan/mod.rs" line-rate="0" branch-rate="0" complexity="0"><methods/><lines><line number="31" hits="0"/><line number="32" hits="0"/><line number="33" hits="0"/><line number="34" hits="0"/><line number="35" hits="0"/><line number="37" hits="0"/><line number="38" hits="0"/><line number="39" hits="0"/><line number="41" hits="0"/><line number="53" hits="0"/><line number="54" hits="0"/><line number="57" hits="0"/><line number="58" hits="0"/><line number="61" hits="0"/><line number="62" hits="0"/><line number="67" hits="0"/><line number="68" hits="0"/><line number="69" hits="0"/><line number="70" hits="0"/><line number="72" hits="0"/><line number="73" hits="0"/><line number="86" hits="0"/><line number="87" hits="0"/><line number="90" hits="0"/><line number="91" hits="0"/><line number="94" hits="0"/><line number="95" hits="0"/><line number="96" hits="0"/><line number="97" hits="0"/><line number="98" hits="0"/><line number="104" hits="0"/><line number="105" hits="0"/><line number="106" hits="0"/><line number="108" hits="0"/><line number="111" hits="0"/><line number="124" hits="0"/><line number="125" hits="0"/><line number="126" hits="0"/><line number="127" hits="0"/><line number="129" hits="0"/><line number="131" hits="0"/><line number="132" hits="0"/><line number="133" hits="0"/><line number="139" hits="0"/><line number="147" hits="0"/><line number="162" hits="0"/><line number="163" hits="0"/><line number="166" hits="0"/><line number="167" hits="0"/><line number="170" hits="0"/><line number="171" hits="0"/><line number="172" hits="0"/><line number="173" hits="0"/><line number="174" hits="0"/><line number="180" hits="0"/><line number="195" hits="0"/><line number="196" hits="0"/><line number="197" hits="0"/><line number="198" hits="0"/><line number="199" hits="0"/><line number="200" hits="0"/><line number="201" hits="0"/><line number="202" hits="0"/><line number="203" hits="0"/><line number="204" hits="0"/><line number="206" hits="0"/><line number="208" hits="0"/><line number="209" hits="0"/><line number="210" hits="0"/><line number="217" hits="0"/><line number="222" hits="0"/><line number="223" hits="0"/><line number="225" hits="0"/><line number="228" hits="0"/><line number="229" hits="0"/><line number="230" hits="0"/><line number="231" hits="0"/><line number="232" hits="0"/><line number="233" hits="0"/><line number="236" hits="0"/><line number="240" hits="0"/><line number="253" hits="0"/><line number="254" hits="0"/><line number="257" hits="0"/><line number="258" hits="0"/><line number="261" hits="0"/><line number="262" hits="0"/><line number="263" hits="0"/><line number="264" hits="0"/><line number="265" hits="0"/><line number="266" hits="0"/><line number="272" hits="0"/><line number="273" hits="0"/><line number="274" hits="0"/><line number="276" hits="0"/><line number="279" hits="0"/><line number="280" hits="0"/><line number="282" hits="0"/><line number="285" hits="0"/><line number="286" hits="0"/><line number="288" hits="0"/><line number="303" hits="0"/><line number="304" hits="0"/><line number="305" hits="0"/><line number="306" hits="0"/><line number="307" hits="0"/><line number="309" hits="0"/><line number="310" hits="0"/><line number="312" hits="0"/><line number="315" hits="0"/><line number="316" hits="0"/><line number="318" hits="0"/><line number="322" hits="0"/><line number="324" hits="0"/><line number="326" hits="0"/><line number="328" hits="0"/><line number="331" hits="0"/><line number="332" hits="0"/><line number="334" hits="0"/><line number="335" hits="0"/><line number="337" hits="0"/><line number="345" hits="0"/><line number="346" hits="0"/><line number="347" hits="0"/><line number="348" hits="0"/><line number="353" hits="0"/><line number="357" hits="0"/><line number="358" hits="0"/><line number="359" hits="0"/><line number="361" hits="0"/><line number="362" hits="0"/><line number="363" hits="0"/><line number="367" hits="0"/><line number="369" hits="0"/><line number="373" hits="0"/><line number="377" hits="0"/></lines></class></classes></package><package name="src/query_planner" line-rate="0" branch-rate="0" complexity="0"><classes><class name="mod" filename="src/query_planner/mod.rs" line-rate="0" branch-rate="0" complexity="0"><methods/><lines><line number="25" hits="0"/><line number="26" hits="0"/><line number="27" hits="0"/><line number="28" hits="0"/><line number="29" hits="0"/><line number="30" hits="0"/><line number="32" hits="0"/><line number="33" hits="0"/><line number="34" hits="0"/><line number="35" hits="0"/><line number="36" hits="0"/><line number="37" hits="0"/><line number="40" hits="0"/><line number="41" hits="0"/><line number="42" hits="0"/><line number="43" hits="0"/><line number="45" hits="0"/><line number="50" hits="0"/><line number="59" hits="0"/><line number="60" hits="0"/><line number="61" hits="0"/><line number="62" hits="0"/><line number="64" hits="0"/><line number="66" hits="0"/><line number="67" hits="0"/><line number="69" hits="0"/><line number="70" hits="0"/><line number="74" hits="0"/><line number="75" hits="0"/><line number="76" hits="0"/><line number="77" hits="0"/><line number="79" hits="0"/><line number="83" hits="0"/><line number="84" hits="0"/><line number="85" hits="0"/><line number="86" hits="0"/><line number="87" hits="0"/><line number="94" hits="0"/><line number="99" hits="0"/><line number="100" hits="0"/><line number="101" hits="0"/><line number="104" hits="0"/><line number="105" hits="0"/></lines></class></classes></package><package name="src/logical_plan" line-rate="0.49029126213592233" branch-rate="0" complexity="0"><classes><class name="mod" filename="src/logical_plan/mod.rs" line-rate="0.49029126213592233" branch-rate="0" complexity="0"><methods/><lines><line number="34" hits="24"/><line number="35" hits="24"/><line number="36" hits="24"/><line number="37" hits="24"/><line number="38" hits="18"/><line number="40" hits="24"/><line number="41" hits="52"/><line number="42" hits="14"/><line number="44" hits="24"/><line number="48" hits="0"/><line number="49" hits="0"/><line number="52" hits="0"/><line number="53" hits="0"/><line number="65" hits="3"/><line number="66" hits="3"/><line number="67" hits="3"/><line number="68" hits="3"/><line number="70" hits="0"/><line number="74" hits="10"/><line number="75" hits="10"/><line number="78" hits="12"/><line number="79" hits="12"/><line number="82" hits="0"/><line number="83" hits="0"/><line number="88" hits="10"/><line number="89" hits="29"/><line number="90" hits="10"/><line number="91" hits="10"/><line number="102" hits="0"/><line number="103" hits="0"/><line number="106" hits="4"/><line number="107" hits="4"/><line number="110" hits="2"/><line number="111" hits="2"/><line number="114" hits="0"/><line number="115" hits="0"/><line number="120" hits="4"/><line number="121" hits="4"/><line number="131" hits="0"/><line number="132" hits="0"/><line number="135" hits="0"/><line number="136" hits="0"/><line number="139" hits="0"/><line number="140" hits="0"/><line number="142" hits="0"/><line number="143" hits="0"/><line number="148" hits="0"/><line number="149" hits="0"/><line number="160" hits="0"/><line number="164" hits="6"/><line number="165" hits="6"/><line number="168" hits="2"/><line number="169" hits="2"/><line number="172" hits="0"/><line number="173" hits="0"/><line number="178" hits="6"/><line number="179" hits="30"/><line number="180" hits="6"/><line number="181" hits="6"/><line number="192" hits="0"/><line number="193" hits="0"/><line number="194" hits="0"/><line number="196" hits="0"/><line number="198" hits="0"/><line number="199" hits="0"/><line number="200" hits="0"/><line number="201" hits="0"/><line number="202" hits="0"/><line number="208" hits="4"/><line number="209" hits="4"/><line number="212" hits="3"/><line number="213" hits="3"/><line number="216" hits="0"/><line number="217" hits="0"/><line number="222" hits="4"/><line number="223" hits="4"/><line number="224" hits="4"/><line number="226" hits="12"/><line number="230" hits="4"/><line number="231" hits="4"/><line number="233" hits="18"/><line number="236" hits="4"/><line number="237" hits="4"/><line number="239" hits="4"/><line number="256" hits="13"/><line number="260" hits="1"/><line number="262" hits="1"/><line number="266" hits="0"/><line number="270" hits="1"/><line number="291" hits="3"/><line number="292" hits="3"/><line number="301" hits="0"/><line number="302" hits="0"/><line number="303" hits="0"/><line number="304" hits="0"/><line number="306" hits="0"/><line number="308" hits="0"/><line number="309" hits="0"/><line number="310" hits="0"/><line number="311" hits="0"/><line number="312" hits="0"/><line number="313" hits="0"/><line number="314" hits="0"/><line number="315" hits="0"/><line number="316" hits="0"/><line number="317" hits="0"/><line number="322" hits="0"/><line number="323" hits="0"/><line number="326" hits="11"/><line number="327" hits="11"/><line number="332" hits="36"/><line number="333" hits="36"/><line number="342" hits="0"/><line number="343" hits="0"/><line number="345" hits="0"/><line number="346" hits="0"/><line number="348" hits="0"/><line number="349" hits="0"/><line number="354" hits="0"/><line number="355" hits="0"/><line number="364" hits="0"/><line number="366" hits="0"/><line number="371" hits="0"/><line number="372" hits="0"/><line number="374" hits="5"/><line number="375" hits="5"/><line number="380" hits="4"/><line number="381" hits="4"/><line number="390" hits="0"/><line number="392" hits="0"/><line number="397" hits="0"/><line number="398" hits="0"/><line number="400" hits="0"/><line number="401" hits="0"/><line number="406" hits="0"/><line number="407" hits="0"/><line number="415" hits="4"/><line number="416" hits="4"/><line number="422" hits="0"/><line number="424" hits="0"/><line number="433" hits="0"/><line number="435" hits="0"/><line number="436" hits="0"/><line number="439" hits="7"/><line number="440" hits="7"/><line number="449" hits="4"/><line number="450" hits="4"/><line number="452" hits="4"/><line number="453" hits="4"/><line number="458" hits="0"/><line number="459" hits="0"/><line number="462" hits="0"/><line number="463" hits="0"/><line number="465" hits="8"/><line number="466" hits="8"/><line number="471" hits="4"/><line number="472" hits="4"/><line number="481" hits="3"/><line number="482" hits="3"/><line number="484" hits="3"/><line number="485" hits="3"/><line number="490" hits="0"/><line number="491" hits="0"/><line number="493" hits="0"/><line number="494" hits="0"/><line number="496" hits="7"/><line number="497" hits="7"/><line number="502" hits="3"/><line number="503" hits="3"/><line number="512" hits="0"/><line number="513" hits="0"/><line number="515" hits="3"/><line number="516" hits="3"/><line number="521" hits="0"/><line number="523" hits="0"/><line number="527" hits="0"/><line number="528" hits="0"/><line number="530" hits="9"/><line number="531" hits="9"/><line number="536" hits="3"/><line number="537" hits="3"/><line number="547" hits="0"/><line number="549" hits="0"/><line number="550" hits="0"/><line number="554" hits="0"/><line number="555" hits="0"/><line number="558" hits="0"/><line number="559" hits="0"/><line number="564" hits="1"/><line number="565" hits="1"/><line number="575" hits="5"/><line number="576" hits="5"/><line number="578" hits="5"/><line number="579" hits="5"/><line number="581" hits="4"/><line number="582" hits="4"/><line number="587" hits="0"/><line number="588" hits="0"/><line number="593" hits="0"/><line number="594" hits="0"/><line number="596" hits="0"/><line number="597" hits="0"/><line number="600" hits="3"/><line number="601" hits="3"/><line number="606" hits="4"/><line number="607" hits="4"/></lines></class></classes></package><package name="src/optimizer" line-rate="0.8983050847457628" branch-rate="0" complexity="0"><classes><class name="mod" filename="src/optimizer/mod.rs" line-rate="0.8983050847457628" branch-rate="0" complexity="0"><methods/><lines><line number="20" hits="0"/><line number="28" hits="3"/><line number="29" hits="3"/><line number="30" hits="3"/><line number="35" hits="7"/><line number="40" hits="9"/><line number="47" hits="6"/><line number="48" hits="1"/><line number="49" hits="1"/><line number="50" hits="1"/><line number="51" hits="1"/><line number="52" hits="1"/><line number="54" hits="5"/><line number="55" hits="1"/><line number="56" hits="1"/><line number="57" hits="1"/><line number="59" hits="5"/><line number="61" hits="1"/><line number="62" hits="1"/><line number="63" hits="1"/><line number="64" hits="1"/><line number="65" hits="1"/><line number="66" hits="1"/><line number="68" hits="6"/><line number="71" hits="17"/><line number="72" hits="3"/><line number="73" hits="3"/><line number="74" hits="3"/><line number="76" hits="21"/><line number="78" hits="3"/><line number="79" hits="3"/><line number="82" hits="3"/><line number="83" hits="3"/><line number="84" hits="3"/><line number="85" hits="3"/><line number="86" hits="3"/><line number="89" hits="0"/><line number="94" hits="4"/><line number="99" hits="4"/><line number="101" hits="18"/><line number="105" hits="16"/><line number="106" hits="27"/><line number="108" hits="5"/><line number="109" hits="0"/><line number="110" hits="0"/><line number="111" hits="7"/><line number="112" hits="1"/><line number="113" hits="1"/><line number="114" hits="5"/><line number="115" hits="0"/><line number="116" hits="6"/><line number="117" hits="4"/><line number="118" hits="5"/><line number="119" hits="1"/><line number="120" hits="5"/><line number="121" hits="1"/><line number="122" hits="4"/><line number="123" hits="1"/><line number="125" hits="0"/></lines></class></classes></package><package name="src" line-rate="0.3227771010962241" branch-rate="0" complexity="0"><classes></classes></package><package name="src/datasources" line-rate="0.3816793893129771" branch-rate="0" complexity="0"><classes><class name="mod" filename="src/datasources/mod.rs" line-rate="0.3816793893129771" branch-rate="0" complexity="0"><methods/><lines><line number="30" hits="4"/><line number="31" hits="4"/><line number="34" hits="1"/><line number="35" hits="1"/><line number="37" hits="1"/><line number="38" hits="1"/><line number="40" hits="1"/><line number="41" hits="1"/><line number="42" hits="1"/><line number="43" hits="1"/><line number="44" hits="1"/><line number="50" hits="5"/><line number="51" hits="5"/><line number="52" hits="5"/><line number="54" hits="5"/><line number="55" hits="5"/><line number="56" hits="5"/><line number="57" hits="5"/><line number="59" hits="28"/><line number="60" hits="23"/><line number="61" hits="23"/><line number="64" hits="5"/><line number="66" hits="0"/><line number="80" hits="2"/><line number="81" hits="2"/><line number="82" hits="7"/><line number="83" hits="5"/><line number="84" hits="5"/><line number="85" hits="0"/><line number="88" hits="2"/><line number="89" hits="1"/><line number="91" hits="1"/><line number="96" hits="1"/><line number="97" hits="1"/><line number="98" hits="1"/><line number="99" hits="9"/><line number="100" hits="4"/><line number="110" hits="1"/><line number="111" hits="1"/><line number="112" hits="3"/><line number="113" hits="2"/><line number="114" hits="2"/><line number="115" hits="2"/><line number="117" hits="0"/><line number="118" hits="0"/><line number="124" hits="0"/><line number="125" hits="0"/><line number="127" hits="0"/><line number="130" hits="0"/><line number="131" hits="0"/><line number="132" hits="0"/><line number="133" hits="0"/><line number="136" hits="0"/><line number="137" hits="0"/><line number="143" hits="0"/><line number="144" hits="0"/><line number="146" hits="0"/><line number="149" hits="0"/><line number="150" hits="0"/><line number="151" hits="0"/><line number="152" hits="0"/><line number="155" hits="0"/><line number="156" hits="0"/><line number="162" hits="0"/><line number="163" hits="0"/><line number="165" hits="0"/><line number="168" hits="0"/><line number="169" hits="0"/><line number="170" hits="0"/><line number="171" hits="0"/><line number="174" hits="0"/><line number="175" hits="0"/><line number="181" hits="0"/><line number="182" hits="0"/><line number="184" hits="0"/><line number="187" hits="0"/><line number="188" hits="0"/><line number="189" hits="0"/><line number="190" hits="0"/><line number="193" hits="0"/><line number="194" hits="0"/><line number="200" hits="0"/><line number="201" hits="0"/><line number="203" hits="0"/><line number="206" hits="0"/><line number="207" hits="0"/><line number="208" hits="0"/><line number="209" hits="0"/><line number="212" hits="0"/><line number="213" hits="0"/><line number="215" hits="0"/><line number="216" hits="0"/><line number="218" hits="0"/><line number="221" hits="0"/><line number="222" hits="0"/><line number="223" hits="0"/><line number="224" hits="0"/><line number="227" hits="2"/><line number="228" hits="32"/><line number="229" hits="10"/><line number="230" hits="10"/><line number="232" hits="2"/><line number="233" hits="2"/><line number="234" hits="2"/><line number="235" hits="2"/><line number="240" hits="1"/><line number="252" hits="0"/><line number="253" hits="0"/><line number="258" hits="0"/><line number="259" hits="0"/><line number="260" hits="0"/><line number="261" hits="0"/><line number="262" hits="0"/><line number="276" hits="0"/><line number="277" hits="0"/><line number="278" hits="0"/><line number="279" hits="0"/><line number="281" hits="0"/><line number="283" hits="0"/><line number="284" hits="0"/><line number="285" hits="0"/><line number="291" hits="0"/><line number="292" hits="0"/><line number="294" hits="0"/><line number="295" hits="0"/><line number="296" hits="0"/><line number="297" hits="0"/><line number="298" hits="0"/><line number="299" hits="0"/><line number="302" hits="0"/><line number="306" hits="0"/></lines></class></classes></package><package name="src/physical_plan/expression" line-rate="0.08" branch-rate="0" complexity="0"><classes><class name="mod" filename="src/physical_plan/expression/mod.rs" line-rate="0.08" branch-rate="0" complexity="0"><methods/><lines><line number="34" hits="0"/><line number="35" hits="0"/><line number="40" hits="0"/><line number="41" hits="0"/><line number="49" hits="0"/><line number="50" hits="0"/><line number="51" hits="0"/><line number="52" hits="0"/><line number="53" hits="0"/><line number="55" hits="0"/><line number="56" hits="0"/><line number="57" hits="0"/><line number="58" hits="0"/><line number="59" hits="0"/><line number="63" hits="0"/><line number="66" hits="0"/><line number="73" hits="0"/><line number="74" hits="0"/><line number="75" hits="0"/><line number="76" hits="0"/><line number="78" hits="0"/><line number="79" hits="0"/><line number="80" hits="0"/><line number="91" hits="0"/><line number="92" hits="0"/><line number="94" hits="0"/><line number="95" hits="0"/><line number="97" hits="0"/><line number="103" hits="0"/><line number="104" hits="0"/><line number="109" hits="0"/><line number="110" hits="0"/><line number="119" hits="0"/><line number="120" hits="0"/><line number="121" hits="0"/><line number="122" hits="0"/><line number="123" hits="0"/><line number="129" hits="0"/><line number="139" hits="0"/><line number="140" hits="0"/><line number="143" hits="1"/><line number="144" hits="1"/><line number="149" hits="0"/><line number="150" hits="0"/><line number="159" hits="0"/><line number="160" hits="0"/><line number="163" hits="1"/><line number="164" hits="1"/><line number="169" hits="0"/><line number="170" hits="0"/></lines></class></classes></package><package name="src/datatypes" line-rate="0.15384615384615385" branch-rate="0" complexity="0"><classes><class name="mod" filename="src/datatypes/mod.rs" line-rate="0.15384615384615385" branch-rate="0" complexity="0"><methods/><lines><line number="26" hits="0"/><line number="27" hits="0"/><line number="28" hits="0"/><line number="29" hits="0"/><line number="30" hits="0"/><line number="31" hits="0"/><line number="32" hits="0"/><line number="33" hits="0"/><line number="34" hits="0"/><line number="39" hits="0"/><line number="40" hits="0"/><line number="41" hits="0"/><line number="42" hits="0"/><line number="43" hits="0"/><line number="44" hits="0"/><line number="45" hits="0"/><line number="46" hits="0"/><line number="47" hits="0"/><line number="48" hits="0"/><line number="54" hits="1"/><line number="55" hits="1"/><line number="56" hits="0"/><line number="57" hits="0"/><line number="58" hits="0"/><line number="59" hits="1"/><line number="60" hits="0"/><line number="61" hits="0"/><line number="62" hits="0"/><line number="78" hits="0"/><line number="80" hits="0"/><line number="81" hits="0"/><line number="93" hits="0"/><line number="94" hits="0"/><line number="95" hits="0"/><line number="98" hits="0"/><line number="99" hits="0"/><line number="101" hits="0"/><line number="108" hits="1"/><line number="109" hits="1"/><line number="110" hits="1"/><line number="111" hits="1"/><line number="113" hits="6"/><line number="125" hits="0"/><line number="126" hits="0"/><line number="129" hits="0"/><line number="130" hits="0"/><line number="131" hits="0"/><line number="150" hits="0"/><line number="152" hits="0"/><line number="153" hits="0"/><line number="154" hits="0"/><line number="155" hits="0"/><line number="156" hits="0"/><line number="157" hits="0"/><line number="158" hits="0"/><line number="159" hits="0"/><line number="165" hits="7"/><line number="166" hits="7"/><line number="167" hits="0"/><line number="168" hits="0"/><line number="169" hits="0"/><line number="170" hits="0"/><line number="171" hits="5"/><line number="172" hits="0"/><line number="173" hits="2"/><line number="174" hits="0"/><line number="180" hits="20"/><line number="181" hits="20"/><line number="183" hits="6"/><line number="184" hits="0"/><line number="185" hits="0"/><line number="186" hits="0"/><line number="187" hits="4"/><line number="188" hits="0"/><line number="189" hits="1"/><line number="190" hits="9"/><line number="206" hits="0"/><line number="207" hits="0"/><line number="208" hits="0"/><line number="211" hits="0"/><line number="212" hits="0"/><line number="213" hits="0"/><line number="215" hits="0"/><line number="216" hits="0"/><line number="218" hits="0"/><line number="219" hits="0"/><line number="223" hits="0"/><line number="226" hits="0"/><line number="227" hits="0"/><line number="231" hits="0"/><line number="234" hits="0"/><line number="235" hits="0"/><line number="239" hits="0"/><line number="242" hits="0"/><line number="243" hits="0"/><line number="247" hits="0"/><line number="250" hits="0"/><line number="251" hits="0"/><line number="255" hits="0"/><line number="257" hits="0"/><line number="261" hits="1"/><line number="262" hits="1"/><line number="273" hits="0"/><line number="274" hits="0"/><line number="277" hits="0"/><line number="278" hits="0"/><line number="281" hits="0"/><line number="282" hits="0"/><line number="283" hits="0"/><line number="285" hits="0"/><line number="296" hits="1"/><line number="297" hits="1"/><line number="300" hits="0"/><line number="301" hits="0"/><line number="304" hits="0"/><line number="305" hits="0"/><line number="308" hits="0"/><line number="309" hits="0"/><line number="310" hits="0"/><line number="311" hits="0"/><line number="313" hits="0"/><line number="314" hits="0"/><line number="315" hits="0"/><line number="316" hits="0"/><line number="318" hits="0"/><line number="319" hits="0"/><line number="322" hits="0"/><line number="325" hits="0"/><line number="327" hits="0"/><line number="338" hits="0"/><line number="339" hits="0"/><line number="340" hits="0"/><line number="341" hits="0"/><line number="342" hits="0"/><line number="347" hits="0"/><line number="348" hits="0"/><line number="349" hits="0"/><line number="350" hits="0"/><line number="354" hits="0"/><line number="356" hits="0"/><line number="360" hits="0"/><line number="361" hits="0"/><line number="363" hits="0"/></lines></class></classes></package></packages></coverage>